<?xml version="1.0" encoding="UTF-8"?>
<testng-results skipped="0" failed="1" ignored="0" total="5" passed="4">
  <reporter-output>
  </reporter-output>
  <suite name="Default suite" duration-ms="4859" started-at="2018-09-30T07:09:35Z" finished-at="2018-09-30T07:09:39Z">
    <groups>
    </groups>
    <test name="Default test" duration-ms="4859" started-at="2018-09-30T07:09:35Z" finished-at="2018-09-30T07:09:39Z">
      <class name="ResponseHeaders">
        <test-method status="PASS" signature="setup()[pri:0, instance:ResponseHeaders@482f8f11]" name="setup" is-config="true" duration-ms="278" started-at="2018-09-30T07:09:35Z" finished-at="2018-09-30T07:09:35Z">
          <reporter-output>
          </reporter-output>
        </test-method> <!-- setup -->
        <test-method status="PASS" signature="checkHeaderJava8Way()[pri:0, instance:ResponseHeaders@482f8f11]" name="checkHeaderJava8Way" duration-ms="1062" started-at="2018-09-30T07:09:35Z" finished-at="2018-09-30T07:09:36Z">
          <reporter-output>
          </reporter-output>
        </test-method> <!-- checkHeaderJava8Way -->
        <test-method status="PASS" signature="closeResources()[pri:0, instance:ResponseHeaders@482f8f11]" name="closeResources" is-config="true" duration-ms="1" started-at="2018-09-30T07:09:36Z" finished-at="2018-09-30T07:09:36Z">
          <reporter-output>
          </reporter-output>
        </test-method> <!-- closeResources -->
        <test-method status="PASS" signature="setup()[pri:0, instance:ResponseHeaders@482f8f11]" name="setup" is-config="true" duration-ms="4" started-at="2018-09-30T07:09:36Z" finished-at="2018-09-30T07:09:36Z">
          <reporter-output>
          </reporter-output>
        </test-method> <!-- setup -->
        <test-method status="FAIL" signature="checkIfHeaderIsPresent()[pri:0, instance:ResponseHeaders@482f8f11]" name="checkIfHeaderIsPresent" duration-ms="846" started-at="2018-09-30T07:09:36Z" finished-at="2018-09-30T07:09:37Z">
          <exception class="java.lang.AssertionError">
            <message>
              <![CDATA[expected [true] but found [false]]]>
            </message>
            <full-stacktrace>
              <![CDATA[java.lang.AssertionError: expected [true] but found [false]
at org.testng.Assert.fail(Assert.java:96)
at org.testng.Assert.failNotEquals(Assert.java:776)
at org.testng.Assert.assertTrue(Assert.java:44)
at org.testng.Assert.assertTrue(Assert.java:54)
at ResponseHeaders.checkIfHeaderIsPresent(ResponseHeaders.java:83)
at sun.reflect.NativeMethodAccessorImpl.invoke0(Native Method)
at sun.reflect.NativeMethodAccessorImpl.invoke(Unknown Source)
at sun.reflect.DelegatingMethodAccessorImpl.invoke(Unknown Source)
at java.lang.reflect.Method.invoke(Unknown Source)
at org.testng.internal.MethodInvocationHelper.invokeMethod(MethodInvocationHelper.java:124)
at org.testng.internal.Invoker.invokeMethod(Invoker.java:583)
at org.testng.internal.Invoker.invokeTestMethod(Invoker.java:719)
at org.testng.internal.Invoker.invokeTestMethods(Invoker.java:989)
at org.testng.internal.TestMethodWorker.invokeTestMethods(TestMethodWorker.java:125)
at org.testng.internal.TestMethodWorker.run(TestMethodWorker.java:109)
at org.testng.TestRunner.privateRun(TestRunner.java:648)
at org.testng.TestRunner.run(TestRunner.java:505)
at org.testng.SuiteRunner.runTest(SuiteRunner.java:455)
at org.testng.SuiteRunner.runSequentially(SuiteRunner.java:450)
at org.testng.SuiteRunner.privateRun(SuiteRunner.java:415)
at org.testng.SuiteRunner.run(SuiteRunner.java:364)
at org.testng.SuiteRunnerWorker.runSuite(SuiteRunnerWorker.java:52)
at org.testng.SuiteRunnerWorker.run(SuiteRunnerWorker.java:84)
at org.testng.TestNG.runSuitesSequentially(TestNG.java:1208)
at org.testng.TestNG.runSuitesLocally(TestNG.java:1137)
at org.testng.TestNG.runSuites(TestNG.java:1049)
at org.testng.TestNG.run(TestNG.java:1017)
at org.testng.remote.AbstractRemoteTestNG.run(AbstractRemoteTestNG.java:114)
at org.testng.remote.RemoteTestNG.initAndRun(RemoteTestNG.java:251)
at org.testng.remote.RemoteTestNG.main(RemoteTestNG.java:77)
]]>
            </full-stacktrace>
          </exception> <!-- java.lang.AssertionError -->
          <reporter-output>
          </reporter-output>
        </test-method> <!-- checkIfHeaderIsPresent -->
        <test-method status="PASS" signature="closeResources()[pri:0, instance:ResponseHeaders@482f8f11]" name="closeResources" is-config="true" duration-ms="1" started-at="2018-09-30T07:09:37Z" finished-at="2018-09-30T07:09:37Z">
          <reporter-output>
          </reporter-output>
        </test-method> <!-- closeResources -->
        <test-method status="PASS" signature="setup()[pri:0, instance:ResponseHeaders@482f8f11]" name="setup" is-config="true" duration-ms="14" started-at="2018-09-30T07:09:37Z" finished-at="2018-09-30T07:09:37Z">
          <reporter-output>
          </reporter-output>
        </test-method> <!-- setup -->
        <test-method status="PASS" signature="checkServerHeader()[pri:0, instance:ResponseHeaders@482f8f11]" name="checkServerHeader" duration-ms="855" started-at="2018-09-30T07:09:37Z" finished-at="2018-09-30T07:09:38Z">
          <reporter-output>
          </reporter-output>
        </test-method> <!-- checkServerHeader -->
        <test-method status="PASS" signature="closeResources()[pri:0, instance:ResponseHeaders@482f8f11]" name="closeResources" is-config="true" duration-ms="2" started-at="2018-09-30T07:09:38Z" finished-at="2018-09-30T07:09:38Z">
          <reporter-output>
          </reporter-output>
        </test-method> <!-- closeResources -->
        <test-method status="PASS" signature="setup()[pri:0, instance:ResponseHeaders@482f8f11]" name="setup" is-config="true" duration-ms="8" started-at="2018-09-30T07:09:38Z" finished-at="2018-09-30T07:09:38Z">
          <reporter-output>
          </reporter-output>
        </test-method> <!-- setup -->
        <test-method status="PASS" signature="contentTypeIsJson()[pri:0, instance:ResponseHeaders@482f8f11]" name="contentTypeIsJson" duration-ms="871" started-at="2018-09-30T07:09:38Z" finished-at="2018-09-30T07:09:39Z">
          <reporter-output>
          </reporter-output>
        </test-method> <!-- contentTypeIsJson -->
        <test-method status="PASS" signature="closeResources()[pri:0, instance:ResponseHeaders@482f8f11]" name="closeResources" is-config="true" duration-ms="2" started-at="2018-09-30T07:09:39Z" finished-at="2018-09-30T07:09:39Z">
          <reporter-output>
          </reporter-output>
        </test-method> <!-- closeResources -->
        <test-method status="PASS" signature="setup()[pri:0, instance:ResponseHeaders@482f8f11]" name="setup" is-config="true" duration-ms="7" started-at="2018-09-30T07:09:39Z" finished-at="2018-09-30T07:09:39Z">
          <reporter-output>
          </reporter-output>
        </test-method> <!-- setup -->
        <test-method status="PASS" signature="contentTypeIsJsonImproved()[pri:0, instance:ResponseHeaders@482f8f11]" name="contentTypeIsJsonImproved" duration-ms="867" started-at="2018-09-30T07:09:39Z" finished-at="2018-09-30T07:09:39Z">
          <reporter-output>
          </reporter-output>
        </test-method> <!-- contentTypeIsJsonImproved -->
        <test-method status="PASS" signature="closeResources()[pri:0, instance:ResponseHeaders@482f8f11]" name="closeResources" is-config="true" duration-ms="1" started-at="2018-09-30T07:09:39Z" finished-at="2018-09-30T07:09:39Z">
          <reporter-output>
          </reporter-output>
        </test-method> <!-- closeResources -->
      </class> <!-- ResponseHeaders -->
    </test> <!-- Default test -->
  </suite> <!-- Default suite -->
</testng-results>
