<?xml version="1.0" encoding="UTF-8"?>
<testng-results skipped="0" failed="0" ignored="0" total="2" passed="2">
  <reporter-output>
  </reporter-output>
  <suite name="Default suite" duration-ms="2275" started-at="2018-10-01T06:06:44Z" finished-at="2018-10-01T06:06:46Z">
    <groups>
    </groups>
    <test name="Default test" duration-ms="2275" started-at="2018-10-01T06:06:44Z" finished-at="2018-10-01T06:06:46Z">
      <class name="BodyTestWithSimpleMap">
        <test-method status="PASS" signature="setup()[pri:0, instance:BodyTestWithSimpleMap@4678c730]" name="setup" is-config="true" duration-ms="273" started-at="2018-10-01T06:06:44Z" finished-at="2018-10-01T06:06:44Z">
          <reporter-output>
          </reporter-output>
        </test-method> <!-- setup -->
        <test-method status="PASS" signature="returnCorrectId()[pri:0, instance:BodyTestWithSimpleMap@4678c730]" name="returnCorrectId" duration-ms="1060" started-at="2018-10-01T06:06:44Z" finished-at="2018-10-01T06:06:45Z">
          <reporter-output>
          </reporter-output>
        </test-method> <!-- returnCorrectId -->
        <test-method status="PASS" signature="closeResources()[pri:0, instance:BodyTestWithSimpleMap@4678c730]" name="closeResources" is-config="true" duration-ms="1" started-at="2018-10-01T06:06:45Z" finished-at="2018-10-01T06:06:45Z">
          <reporter-output>
          </reporter-output>
        </test-method> <!-- closeResources -->
        <test-method status="PASS" signature="setup()[pri:0, instance:BodyTestWithSimpleMap@4678c730]" name="setup" is-config="true" duration-ms="4" started-at="2018-10-01T06:06:45Z" finished-at="2018-10-01T06:06:45Z">
          <reporter-output>
          </reporter-output>
        </test-method> <!-- setup -->
        <test-method status="PASS" signature="returnCorrectLogin()[pri:0, instance:BodyTestWithSimpleMap@4678c730]" name="returnCorrectLogin" duration-ms="908" started-at="2018-10-01T06:06:45Z" finished-at="2018-10-01T06:06:46Z">
          <reporter-output>
          </reporter-output>
        </test-method> <!-- returnCorrectLogin -->
        <test-method status="PASS" signature="closeResources()[pri:0, instance:BodyTestWithSimpleMap@4678c730]" name="closeResources" is-config="true" duration-ms="2" started-at="2018-10-01T06:06:46Z" finished-at="2018-10-01T06:06:46Z">
          <reporter-output>
          </reporter-output>
        </test-method> <!-- closeResources -->
      </class> <!-- BodyTestWithSimpleMap -->
    </test> <!-- Default test -->
  </suite> <!-- Default suite -->
</testng-results>
